<?xml version="1.0" encoding="UTF-8"?>
<!-- Generated by org.testng.reporters.JUnitReportReporter -->
<testsuite hostname="DESKTOP-E7CUST6" failures="1" tests="12" name="testNGpckg.Groups_TC" time="8.066" errors="0" timestamp="2025-01-02T18:36:32 IST" skipped="1">
  <testcase classname="testNGpckg.Groups_TC" name="testMethod6" time="0.004"/>
  <testcase classname="testNGpckg.Groups_TC" name="register" time="0.013">
    <failure message="fail testcase" type="java.lang.AssertionError">
      <![CDATA[java.lang.AssertionError: fail testcase
at org.testng.Assert.fail(Assert.java:111)
at testNGpckg.Groups_TC.register(Groups_TC.java:110)
at java.base/jdk.internal.reflect.NativeMethodAccessorImpl.invoke0(Native Method)
at java.base/jdk.internal.reflect.NativeMethodAccessorImpl.invoke(NativeMethodAccessorImpl.java:77)
at java.base/jdk.internal.reflect.DelegatingMethodAccessorImpl.invoke(DelegatingMethodAccessorImpl.java:43)
at java.base/java.lang.reflect.Method.invoke(Method.java:568)
at org.testng.internal.invokers.MethodInvocationHelper.invokeMethod(MethodInvocationHelper.java:141)
at org.testng.internal.invokers.TestInvoker.invokeMethod(TestInvoker.java:686)
at org.testng.internal.invokers.TestInvoker.invokeTestMethod(TestInvoker.java:230)
at org.testng.internal.invokers.MethodRunner.runInSequence(MethodRunner.java:63)
at org.testng.internal.invokers.TestInvoker$MethodInvocationAgent.invoke(TestInvoker.java:992)
at org.testng.internal.invokers.TestInvoker.invokeTestMethods(TestInvoker.java:203)
at org.testng.internal.invokers.TestMethodWorker.invokeTestMethods(TestMethodWorker.java:154)
at org.testng.internal.invokers.TestMethodWorker.run(TestMethodWorker.java:134)
at java.base/java.util.ArrayList.forEach(ArrayList.java:1511)
at org.testng.TestRunner.privateRun(TestRunner.java:739)
at org.testng.TestRunner.run(TestRunner.java:614)
at org.testng.SuiteRunner.runTest(SuiteRunner.java:421)
at org.testng.SuiteRunner.runSequentially(SuiteRunner.java:413)
at org.testng.SuiteRunner.privateRun(SuiteRunner.java:373)
at org.testng.SuiteRunner.run(SuiteRunner.java:312)
at org.testng.SuiteRunnerWorker.runSuite(SuiteRunnerWorker.java:52)
at org.testng.SuiteRunnerWorker.run(SuiteRunnerWorker.java:95)
at org.testng.TestNG.runSuitesSequentially(TestNG.java:1274)
at org.testng.TestNG.runSuitesLocally(TestNG.java:1208)
at org.testng.TestNG.runSuites(TestNG.java:1112)
at org.testng.TestNG.run(TestNG.java:1079)
at org.testng.remote.AbstractRemoteTestNG.run(AbstractRemoteTestNG.java:115)
at org.testng.remote.RemoteTestNG.initAndRun(RemoteTestNG.java:293)
at org.testng.remote.RemoteTestNG.main(RemoteTestNG.java:91)
]]>
    </failure>
  </testcase> <!-- register -->
  <testcase classname="testNGpckg.Groups_TC" name="login" time="0.000">
    <skipped/>
  </testcase> <!-- login -->
  <testcase classname="testNGpckg.Groups_TC" name="testMethod9" time="0.005"/>
  <testcase classname="testNGpckg.Groups_TC" name="testMethod5" time="8.013"/>
  <testcase classname="testNGpckg.Groups_TC" name="testMethod7" time="0.003"/>
  <testcase classname="testNGpckg.Groups_TC" name="testMethod8" time="0.004"/>
  <testcase classname="testNGpckg.Groups_TC" name="testMethod3" time="0.003">
    <system-out>
      <![CDATA[test 3 running]]>
    </system-out>
  </testcase> <!-- testMethod3 -->
  <testcase classname="testNGpckg.Groups_TC" name="testMethod4" time="0.004"/>
  <testcase classname="testNGpckg.Groups_TC" name="testMethod1" time="0.006"/>
  <testcase classname="testNGpckg.Groups_TC" name="testMethod2" time="0.010"/>
  <testcase classname="testNGpckg.Groups_TC" name="testMethod10" time="0.001"/>
  <system-out>
    <![CDATA[Before Method Running
Before Method Running
test 3 running
Before Method Running
Before Method Running
Before Method Running
Before Method Running
Before Method Running
Before Method Running
Before Method Running
Before Method Running
Before Method Running]]>
  </system-out>
</testsuite> <!-- testNGpckg.Groups_TC -->
