<?xml version="1.0" encoding="UTF-8"?>
<!-- Generated by org.testng.reporters.JUnitXMLReporter -->
<testsuite ignored="0" hostname="DESKTOP-E7CUST6" failures="1" tests="1" name="edge Test" time="0.006" errors="0" timestamp="2025-01-24T11:52:15 IST">
  <testcase classname="TestPractice.multiBrowserTesting" name="LoginTC" time="0.0">
    <failure type="org.testng.TestNGException" message="
Parameter &amp;apos;browserNAme&amp;apos; is required by @Test on method LoginTC but has not been marked @Optional or defined
in E:\JAVA VEL\Testing Project\multiBrowsertestng.xml">
      <![CDATA[org.testng.TestNGException: 
Parameter 'browserNAme' is required by @Test on method LoginTC but has not been marked @Optional or defined
in E:\JAVA VEL\Testing Project\multiBrowsertestng.xml
at java.base/java.util.ArrayList.forEach(ArrayList.java:1511)
... Removed 26 stack frames]]>
    </failure>
  </testcase> <!-- LoginTC -->
</testsuite> <!-- edge Test -->
